<?xml version="1.0" encoding="UTF-8"?>
<!-- Generated by org.testng.reporters.JUnitXMLReporter -->
<testsuite ignored="0" hostname="NARUTO-UZUMAKI" failures="0" tests="8" name="Test" time="0.171" errors="0" timestamp="2023-09-04T10:52:53 IST">
  <testcase classname="TestNG.DemoTestNG" name="demo" time="0.007"/>
  <testcase classname="com.actitime.testscript.Customermodule" name="createCustomer" time="0.003"/>
  <testcase classname="TestNG.CustomerModule" name="createCustomeer" time="0.016"/>
  <testcase classname="TestNG.CustomerModule" name="deleteCustomer" time="0.002"/>
  <testcase classname="TestNG.Customerclass" name="deletecustomer" time="0.005"/>
  <testcase classname="TestNG.Customerclass" name="registercustomer" time="0.004"/>
  <testcase classname="TestNG.Customerclass" name="editcustomer" time="0.002"/>
  <testcase classname="TestNG.Customerclass" name="editcustomer" time="0.003"/>
</testsuite> <!-- Test -->
